<?xml version="1.0" encoding="UTF-8"?>
<testng-results ignored="0" total="2" passed="2" failed="0" skipped="0">
  <reporter-output>
  </reporter-output>
  <suite started-at="2026-01-06T12:12:10 IST" name="Default suite" finished-at="2026-01-06T12:12:47 IST" duration-ms="37248">
    <groups>
      <group name="cucumber">
        <method signature="AbstractTestNGCucumberTests.runScenario(io.cucumber.testng.PickleWrapper,io.cucumber.testng.FeatureWrapper)[pri:0, instance:com.amazon.automation.runners.TestRunner@4fb0f2b9]" name="runScenario" class="io.cucumber.testng.AbstractTestNGCucumberTests"/>
      </group> <!-- cucumber -->
    </groups>
    <test started-at="2026-01-06T12:12:10 IST" name="Default test" finished-at="2026-01-06T12:12:47 IST" duration-ms="37248">
      <class name="com.amazon.automation.runners.TestRunner">
        <test-method is-config="true" signature="setUpClass(org.testng.ITestContext)[pri:0, instance:com.amazon.automation.runners.TestRunner@4fb0f2b9]" started-at="2026-01-06T12:12:10 IST" name="setUpClass" finished-at="2026-01-06T12:12:10 IST" duration-ms="754" status="PASS">
          <params>
            <param index="0">
              <value>
                <![CDATA[org.testng.TestRunner@4acb2510]]>
              </value>
            </param>
          </params>
          <reporter-output>
          </reporter-output>
        </test-method> <!-- setUpClass -->
        <test-method signature="runScenario(io.cucumber.testng.PickleWrapper,io.cucumber.testng.FeatureWrapper)[pri:0, instance:com.amazon.automation.runners.TestRunner@4fb0f2b9]" started-at="2026-01-06T12:12:10 IST" name="runScenario" description="Runs Cucumber Scenarios" data-provider="scenarios" finished-at="2026-01-06T12:12:25 IST" duration-ms="14203" status="PASS">
          <params>
            <param index="0">
              <value>
                <![CDATA["Search for a product on Amazon"]]>
              </value>
            </param>
            <param index="1">
              <value>
                <![CDATA["Amazon Product Search and Cart"]]>
              </value>
            </param>
          </params>
          <reporter-output>
          </reporter-output>
        </test-method> <!-- runScenario -->
        <test-method signature="runScenario(io.cucumber.testng.PickleWrapper,io.cucumber.testng.FeatureWrapper)[pri:0, instance:com.amazon.automation.runners.TestRunner@4fb0f2b9]" started-at="2026-01-06T12:12:25 IST" name="runScenario" description="Runs Cucumber Scenarios" data-provider="scenarios" finished-at="2026-01-06T12:12:47 IST" duration-ms="22213" status="PASS">
          <params>
            <param index="0">
              <value>
                <![CDATA["Add product to cart from search results"]]>
              </value>
            </param>
            <param index="1">
              <value>
                <![CDATA["Amazon Product Search and Cart"]]>
              </value>
            </param>
          </params>
          <reporter-output>
          </reporter-output>
        </test-method> <!-- runScenario -->
        <test-method is-config="true" signature="tearDownClass()[pri:0, instance:com.amazon.automation.runners.TestRunner@4fb0f2b9]" started-at="2026-01-06T12:12:47 IST" name="tearDownClass" finished-at="2026-01-06T12:12:47 IST" duration-ms="31" status="PASS">
          <reporter-output>
          </reporter-output>
        </test-method> <!-- tearDownClass -->
      </class> <!-- com.amazon.automation.runners.TestRunner -->
    </test> <!-- Default test -->
  </suite> <!-- Default suite -->
</testng-results>
