<?xml version="1.0" encoding="UTF-8"?>
<testng-results ignored="0" total="1" passed="1" failed="0" skipped="0">
  <reporter-output>
  </reporter-output>
  <suite started-at="2026-01-01T15:08:39 IST" name="Default suite" finished-at="2026-01-01T15:08:56 IST" duration-ms="17524">
    <groups>
    </groups>
    <test started-at="2026-01-01T15:08:39 IST" name="Default test" finished-at="2026-01-01T15:08:56 IST" duration-ms="17524">
      <class name="com.amazon.automation.tests.AmazonSearchTest">
        <test-method is-config="true" signature="setUp()[pri:0, instance:com.amazon.automation.tests.AmazonSearchTest@7e0b85f9]" started-at="2026-01-01T15:08:39 IST" name="setUp" finished-at="2026-01-01T15:08:50 IST" duration-ms="11238" status="PASS">
          <reporter-output>
          </reporter-output>
        </test-method> <!-- setUp -->
        <test-method signature="verifyProductSearch()[pri:0, instance:com.amazon.automation.tests.AmazonSearchTest@7e0b85f9]" started-at="2026-01-01T15:08:50 IST" name="verifyProductSearch" finished-at="2026-01-01T15:08:56 IST" duration-ms="5921" status="PASS">
          <reporter-output>
          </reporter-output>
        </test-method> <!-- verifyProductSearch -->
        <test-method is-config="true" signature="tearDown()[pri:0, instance:com.amazon.automation.tests.AmazonSearchTest@7e0b85f9]" started-at="2026-01-01T15:08:56 IST" name="tearDown" finished-at="2026-01-01T15:08:56 IST" duration-ms="319" status="PASS">
          <reporter-output>
          </reporter-output>
        </test-method> <!-- tearDown -->
      </class> <!-- com.amazon.automation.tests.AmazonSearchTest -->
    </test> <!-- Default test -->
  </suite> <!-- Default suite -->
</testng-results>
