<?xml version="1.0" encoding="UTF-8"?>
<!-- Generated by org.testng.reporters.JUnitReportReporter -->
<testsuite hostname="LAPTOP-T48HV9KS" failures="0" tests="2" name="com.amazon.automation.runners.TestRunner" time="36.416" errors="0" timestamp="2026-01-06T12:12:47 IST" skipped="0">
  <testcase classname="com.amazon.automation.runners.TestRunner" name="runScenario" time="14.203"/>
  <system-out/>
  <testcase classname="com.amazon.automation.runners.TestRunner" name="runScenario" time="22.213"/>
  <system-out/>
</testsuite> <!-- com.amazon.automation.runners.TestRunner -->
